2025-09-10 20:42:47.7403|WARN|FlightManagementSystem.Service.Logger.LoggerService|called in AircraftService.AddAircraft|AircraftCode cannot be empty
2025-09-10 20:46:00.9190|INFO|FlightManagementSystem.Service.Logger.LoggerService|called in AircraftService.AddAircraft by LION-001|AddAircraft Begin
2025-09-10 20:46:16.1585|ERROR|FlightManagementSystem.Service.Logger.LoggerService|System.InvalidOperationException: Cannot create a relationship between 'Airport.FlightRoutes' and 'FlightRoute.DestAirport' because a relationship already exists between 'Airport.FlightRoutes' and 'FlightRoute.DepAirport'. Navigations can only participate in a single relationship. If you want to override an existing relationship call 'Ignore' on the navigation 'FlightRoute.DestAirport' first in 'OnModelCreating'.
   at Microsoft.EntityFrameworkCore.Metadata.Internal.InternalForeignKeyBuilder.ThrowForConflictingNavigation(IReadOnlyForeignKey foreignKey, IReadOnlyEntityType principalEntityType, IReadOnlyEntityType dependentEntityType, String navigationToDependent, String navigationToPrincipal)
   at Microsoft.EntityFrameworkCore.Metadata.Internal.InternalForeignKeyBuilder.GetOrCreateRelationshipBuilder(EntityType principalEntityType, EntityType dependentEntityType, Nullable`1 navigationToPrincipal, Nullable`1 navigationToDependent, IReadOnlyList`1 dependentProperties, IReadOnlyList`1 oldNameDependentProperties, IReadOnlyList`1 principalProperties, Nullable`1 isRequired, Boolean removeCurrent, Nullable`1 principalEndConfigurationSource, Nullable`1 configurationSource, Nullable`1& existingRelationshipInverted)
   at Microsoft.EntityFrameworkCore.Metadata.Internal.InternalForeignKeyBuilder.ReplaceForeignKey(InternalEntityTypeBuilder principalEntityTypeBuilder, InternalEntityTypeBuilder dependentEntityTypeBuilder, Nullable`1 navigationToPrincipal, Nullable`1 navigationToDependent, IReadOnlyList`1 dependentProperties, IReadOnlyList`1 oldNameDependentProperties, IReadOnlyList`1 principalProperties, Nullable`1 isUnique, Nullable`1 isRequired, Nullable`1 isRequiredDependent, Nullable`1 isOwnership, Nullable`1 deleteBehavior, Boolean removeCurrent, Boolean oldRelationshipInverted, Nullable`1 principalEndConfigurationSource, ConfigurationSource configurationSource)
   at Microsoft.EntityFrameworkCore.Metadata.Internal.InternalForeignKeyBuilder.ReplaceForeignKey(ConfigurationSource configurationSource, InternalEntityTypeBuilder principalEntityTypeBuilder, InternalEntityTypeBuilder dependentEntityTypeBuilder, Nullable`1 navigationToPrincipal, Nullable`1 navigationToDependent, IReadOnlyList`1 dependentProperties, IReadOnlyList`1 oldNameDependentProperties, IReadOnlyList`1 principalProperties, Nullable`1 isUnique, Nullable`1 isRequired, Nullable`1 isRequiredDependent, Nullable`1 isOwnership, Nullable`1 deleteBehavior, Boolean removeCurrent, Nullable`1 principalEndConfigurationSource, Boolean oldRelationshipInverted)
   at Microsoft.EntityFrameworkCore.Metadata.Internal.InternalForeignKeyBuilder.HasNavigations(Nullable`1 navigationToPrincipal, Nullable`1 navigationToDependent, EntityType principalEntityType, EntityType dependentEntityType, ConfigurationSource configurationSource)
   at Microsoft.EntityFrameworkCore.Metadata.Internal.InternalForeignKeyBuilder.HasNavigations(MemberInfo navigationToPrincipal, MemberInfo navigationToDependent, EntityType principalEntityType, EntityType dependentEntityType, ConfigurationSource configurationSource)
   at Microsoft.EntityFrameworkCore.Metadata.Builders.ReferenceNavigationBuilder.WithManyBuilder(MemberIdentity collection)
   at Microsoft.EntityFrameworkCore.Metadata.Builders.ReferenceNavigationBuilder.WithManyBuilder(MemberInfo navigationMemberInfo)
   at Microsoft.EntityFrameworkCore.Metadata.Builders.ReferenceNavigationBuilder`2.WithMany(Expression`1 navigationExpression)
   at FlightManagementSystem.Infrastructure.FlightManagementSystemDbContext.<>c.<OnModelCreating>b__26_8(EntityTypeBuilder`1 entity) in D:\Projects\Coding Battle CDC\FlightManagementSystem\FlightManagementSystem.Infrastructure\FlightManagementSystemDbContext.cs:line 98
   at Microsoft.EntityFrameworkCore.ModelBuilder.Entity[TEntity](Action`1 buildAction)
   at FlightManagementSystem.Infrastructure.FlightManagementSystemDbContext.OnModelCreating(ModelBuilder modelBuilder) in D:\Projects\Coding Battle CDC\FlightManagementSystem\FlightManagementSystem.Infrastructure\FlightManagementSystemDbContext.cs:line 89
   at Microsoft.EntityFrameworkCore.Infrastructure.ModelCustomizer.Customize(ModelBuilder modelBuilder, DbContext context)
   at Microsoft.EntityFrameworkCore.Infrastructure.ModelSource.CreateModel(DbContext context, IConventionSetBuilder conventionSetBuilder, ModelDependencies modelDependencies)
   at Microsoft.EntityFrameworkCore.Infrastructure.ModelSource.CreateModel(DbContext context, ModelCreationDependencies modelCreationDependencies, Boolean designTime)
   at Microsoft.EntityFrameworkCore.Infrastructure.ModelSource.GetModel(DbContext context, ModelCreationDependencies modelCreationDependencies, Boolean designTime)
   at Microsoft.EntityFrameworkCore.Internal.DbContextServices.CreateModel(Boolean designTime)
   at Microsoft.EntityFrameworkCore.Internal.DbContextServices.get_Model()
   at Microsoft.EntityFrameworkCore.Infrastructure.EntityFrameworkServicesBuilder.<>c.<TryAddCoreServices>b__8_4(IServiceProvider p)
   at Microsoft.Extensions.DependencyInjection.ServiceLookup.CallSiteRuntimeResolver.VisitFactory(FactoryCallSite factoryCallSite, RuntimeResolverContext context)
   at Microsoft.Extensions.DependencyInjection.ServiceLookup.CallSiteVisitor`2.VisitCallSiteMain(ServiceCallSite callSite, TArgument argument)
   at Microsoft.Extensions.DependencyInjection.ServiceLookup.CallSiteRuntimeResolver.VisitCache(ServiceCallSite callSite, RuntimeResolverContext context, ServiceProviderEngineScope serviceProviderEngine, RuntimeResolverLock lockType)
   at Microsoft.Extensions.DependencyInjection.ServiceLookup.CallSiteRuntimeResolver.VisitScopeCache(ServiceCallSite callSite, RuntimeResolverContext context)
   at Microsoft.Extensions.DependencyInjection.ServiceLookup.CallSiteVisitor`2.VisitCallSite(ServiceCallSite callSite, TArgument argument)
   at Microsoft.Extensions.DependencyInjection.ServiceLookup.CallSiteRuntimeResolver.VisitConstructor(ConstructorCallSite constructorCallSite, RuntimeResolverContext context)
   at Microsoft.Extensions.DependencyInjection.ServiceLookup.CallSiteVisitor`2.VisitCallSiteMain(ServiceCallSite callSite, TArgument argument)
   at Microsoft.Extensions.DependencyInjection.ServiceLookup.CallSiteRuntimeResolver.VisitCache(ServiceCallSite callSite, RuntimeResolverContext context, ServiceProviderEngineScope serviceProviderEngine, RuntimeResolverLock lockType)
   at Microsoft.Extensions.DependencyInjection.ServiceLookup.CallSiteRuntimeResolver.VisitScopeCache(ServiceCallSite callSite, RuntimeResolverContext context)
   at Microsoft.Extensions.DependencyInjection.ServiceLookup.CallSiteVisitor`2.VisitCallSite(ServiceCallSite callSite, TArgument argument)
   at Microsoft.Extensions.DependencyInjection.ServiceLookup.CallSiteRuntimeResolver.VisitConstructor(ConstructorCallSite constructorCallSite, RuntimeResolverContext context)
   at Microsoft.Extensions.DependencyInjection.ServiceLookup.CallSiteVisitor`2.VisitCallSiteMain(ServiceCallSite callSite, TArgument argument)
   at Microsoft.Extensions.DependencyInjection.ServiceLookup.CallSiteRuntimeResolver.VisitCache(ServiceCallSite callSite, RuntimeResolverContext context, ServiceProviderEngineScope serviceProviderEngine, RuntimeResolverLock lockType)
   at Microsoft.Extensions.DependencyInjection.ServiceLookup.CallSiteRuntimeResolver.VisitScopeCache(ServiceCallSite callSite, RuntimeResolverContext context)
   at Microsoft.Extensions.DependencyInjection.ServiceLookup.CallSiteVisitor`2.VisitCallSite(ServiceCallSite callSite, TArgument argument)
   at Microsoft.Extensions.DependencyInjection.ServiceLookup.CallSiteRuntimeResolver.VisitConstructor(ConstructorCallSite constructorCallSite, RuntimeResolverContext context)
   at Microsoft.Extensions.DependencyInjection.ServiceLookup.CallSiteVisitor`2.VisitCallSiteMain(ServiceCallSite callSite, TArgument argument)
   at Microsoft.Extensions.DependencyInjection.ServiceLookup.CallSiteRuntimeResolver.VisitCache(ServiceCallSite callSite, RuntimeResolverContext context, ServiceProviderEngineScope serviceProviderEngine, RuntimeResolverLock lockType)
   at Microsoft.Extensions.DependencyInjection.ServiceLookup.CallSiteRuntimeResolver.VisitScopeCache(ServiceCallSite callSite, RuntimeResolverContext context)
   at Microsoft.Extensions.DependencyInjection.ServiceLookup.CallSiteVisitor`2.VisitCallSite(ServiceCallSite callSite, TArgument argument)
   at Microsoft.Extensions.DependencyInjection.ServiceLookup.CallSiteRuntimeResolver.VisitConstructor(ConstructorCallSite constructorCallSite, RuntimeResolverContext context)
   at Microsoft.Extensions.DependencyInjection.ServiceLookup.CallSiteVisitor`2.VisitCallSiteMain(ServiceCallSite callSite, TArgument argument)
   at Microsoft.Extensions.DependencyInjection.ServiceLookup.CallSiteRuntimeResolver.VisitCache(ServiceCallSite callSite, RuntimeResolverContext context, ServiceProviderEngineScope serviceProviderEngine, RuntimeResolverLock lockType)
   at Microsoft.Extensions.DependencyInjection.ServiceLookup.CallSiteRuntimeResolver.VisitScopeCache(ServiceCallSite callSite, RuntimeResolverContext context)
   at Microsoft.Extensions.DependencyInjection.ServiceLookup.CallSiteVisitor`2.VisitCallSite(ServiceCallSite callSite, TArgument argument)
   at Microsoft.Extensions.DependencyInjection.ServiceLookup.CallSiteRuntimeResolver.VisitConstructor(ConstructorCallSite constructorCallSite, RuntimeResolverContext context)
   at Microsoft.Extensions.DependencyInjection.ServiceLookup.CallSiteVisitor`2.VisitCallSiteMain(ServiceCallSite callSite, TArgument argument)
   at Microsoft.Extensions.DependencyInjection.ServiceLookup.CallSiteRuntimeResolver.VisitCache(ServiceCallSite callSite, RuntimeResolverContext context, ServiceProviderEngineScope serviceProviderEngine, RuntimeResolverLock lockType)
   at Microsoft.Extensions.DependencyInjection.ServiceLookup.CallSiteRuntimeResolver.VisitScopeCache(ServiceCallSite callSite, RuntimeResolverContext context)
   at Microsoft.Extensions.DependencyInjection.ServiceLookup.CallSiteVisitor`2.VisitCallSite(ServiceCallSite callSite, TArgument argument)
   at Microsoft.Extensions.DependencyInjection.ServiceLookup.CallSiteRuntimeResolver.Resolve(ServiceCallSite callSite, ServiceProviderEngineScope scope)
   at Microsoft.Extensions.DependencyInjection.ServiceLookup.DynamicServiceProviderEngine.<>c__DisplayClass2_0.<RealizeService>b__0(ServiceProviderEngineScope scope)
   at Microsoft.Extensions.DependencyInjection.ServiceProvider.GetService(ServiceIdentifier serviceIdentifier, ServiceProviderEngineScope serviceProviderEngineScope)
   at Microsoft.Extensions.DependencyInjection.ServiceLookup.ServiceProviderEngineScope.GetService(Type serviceType)
   at Microsoft.Extensions.DependencyInjection.ServiceProviderServiceExtensions.GetRequiredService(IServiceProvider provider, Type serviceType)
   at Microsoft.Extensions.DependencyInjection.ServiceProviderServiceExtensions.GetRequiredService[T](IServiceProvider provider)
   at Microsoft.EntityFrameworkCore.DbContext.get_DbContextDependencies()
   at Microsoft.EntityFrameworkCore.DbContext.get_ContextServices()
   at Microsoft.EntityFrameworkCore.DbContext.get_Model()
   at Microsoft.EntityFrameworkCore.Internal.InternalDbSet`1.get_EntityType()
   at Microsoft.EntityFrameworkCore.Internal.InternalDbSet`1.CheckState()
   at Microsoft.EntityFrameworkCore.Internal.InternalDbSet`1.get_EntityQueryable()
   at Microsoft.EntityFrameworkCore.Internal.InternalDbSet`1.System.Linq.IQueryable.get_Provider()
   at System.Linq.Queryable.Where[TSource](IQueryable`1 source, Expression`1 predicate)
   at FlightManagementSystem.Infrastructure.Repositories.AircraftRepository.GetAircraftByCode(String aircraftCode) in D:\Projects\Coding Battle CDC\FlightManagementSystem\FlightManagementSystem.Infrastructure\Repositories\AircraftRepository.cs:line 36
   at FlightManagementSystem.Infrastructure.Repositories.AircraftRepository.Add(Aircraft aircraft) in D:\Projects\Coding Battle CDC\FlightManagementSystem\FlightManagementSystem.Infrastructure\Repositories\AircraftRepository.cs:line 22
   at FlightManagementSystem.Service.AircraftService.AddAircraft(AircraftDTO aircraftDTO) in D:\Projects\Coding Battle CDC\FlightManagementSystem\FlightManagement.Service\AircraftService.cs:line 46
2025-09-10 20:47:20.6068|INFO|FlightManagementSystem.Service.Logger.LoggerService|called in AircraftService.AddAircraft by LION-001|AddAircraft Begin
2025-09-10 20:47:20.7513|ERROR|FlightManagementSystem.Service.Logger.LoggerService|System.InvalidOperationException: Cannot create a relationship between 'Airport.FlightRoutes' and 'FlightRoute.DestAirport' because a relationship already exists between 'Airport.FlightRoutes' and 'FlightRoute.DepAirport'. Navigations can only participate in a single relationship. If you want to override an existing relationship call 'Ignore' on the navigation 'FlightRoute.DestAirport' first in 'OnModelCreating'.
   at Microsoft.EntityFrameworkCore.Metadata.Internal.InternalForeignKeyBuilder.ThrowForConflictingNavigation(IReadOnlyForeignKey foreignKey, IReadOnlyEntityType principalEntityType, IReadOnlyEntityType dependentEntityType, String navigationToDependent, String navigationToPrincipal)
   at Microsoft.EntityFrameworkCore.Metadata.Internal.InternalForeignKeyBuilder.GetOrCreateRelationshipBuilder(EntityType principalEntityType, EntityType dependentEntityType, Nullable`1 navigationToPrincipal, Nullable`1 navigationToDependent, IReadOnlyList`1 dependentProperties, IReadOnlyList`1 oldNameDependentProperties, IReadOnlyList`1 principalProperties, Nullable`1 isRequired, Boolean removeCurrent, Nullable`1 principalEndConfigurationSource, Nullable`1 configurationSource, Nullable`1& existingRelationshipInverted)
   at Microsoft.EntityFrameworkCore.Metadata.Internal.InternalForeignKeyBuilder.ReplaceForeignKey(InternalEntityTypeBuilder principalEntityTypeBuilder, InternalEntityTypeBuilder dependentEntityTypeBuilder, Nullable`1 navigationToPrincipal, Nullable`1 navigationToDependent, IReadOnlyList`1 dependentProperties, IReadOnlyList`1 oldNameDependentProperties, IReadOnlyList`1 principalProperties, Nullable`1 isUnique, Nullable`1 isRequired, Nullable`1 isRequiredDependent, Nullable`1 isOwnership, Nullable`1 deleteBehavior, Boolean removeCurrent, Boolean oldRelationshipInverted, Nullable`1 principalEndConfigurationSource, ConfigurationSource configurationSource)
   at Microsoft.EntityFrameworkCore.Metadata.Internal.InternalForeignKeyBuilder.ReplaceForeignKey(ConfigurationSource configurationSource, InternalEntityTypeBuilder principalEntityTypeBuilder, InternalEntityTypeBuilder dependentEntityTypeBuilder, Nullable`1 navigationToPrincipal, Nullable`1 navigationToDependent, IReadOnlyList`1 dependentProperties, IReadOnlyList`1 oldNameDependentProperties, IReadOnlyList`1 principalProperties, Nullable`1 isUnique, Nullable`1 isRequired, Nullable`1 isRequiredDependent, Nullable`1 isOwnership, Nullable`1 deleteBehavior, Boolean removeCurrent, Nullable`1 principalEndConfigurationSource, Boolean oldRelationshipInverted)
   at Microsoft.EntityFrameworkCore.Metadata.Internal.InternalForeignKeyBuilder.HasNavigations(Nullable`1 navigationToPrincipal, Nullable`1 navigationToDependent, EntityType principalEntityType, EntityType dependentEntityType, ConfigurationSource configurationSource)
   at Microsoft.EntityFrameworkCore.Metadata.Internal.InternalForeignKeyBuilder.HasNavigations(MemberInfo navigationToPrincipal, MemberInfo navigationToDependent, EntityType principalEntityType, EntityType dependentEntityType, ConfigurationSource configurationSource)
   at Microsoft.EntityFrameworkCore.Metadata.Builders.ReferenceNavigationBuilder.WithManyBuilder(MemberIdentity collection)
   at Microsoft.EntityFrameworkCore.Metadata.Builders.ReferenceNavigationBuilder.WithManyBuilder(MemberInfo navigationMemberInfo)
   at Microsoft.EntityFrameworkCore.Metadata.Builders.ReferenceNavigationBuilder`2.WithMany(Expression`1 navigationExpression)
   at FlightManagementSystem.Infrastructure.FlightManagementSystemDbContext.<>c.<OnModelCreating>b__26_8(EntityTypeBuilder`1 entity) in D:\Projects\Coding Battle CDC\FlightManagementSystem\FlightManagementSystem.Infrastructure\FlightManagementSystemDbContext.cs:line 98
   at Microsoft.EntityFrameworkCore.ModelBuilder.Entity[TEntity](Action`1 buildAction)
   at FlightManagementSystem.Infrastructure.FlightManagementSystemDbContext.OnModelCreating(ModelBuilder modelBuilder) in D:\Projects\Coding Battle CDC\FlightManagementSystem\FlightManagementSystem.Infrastructure\FlightManagementSystemDbContext.cs:line 89
   at Microsoft.EntityFrameworkCore.Infrastructure.ModelCustomizer.Customize(ModelBuilder modelBuilder, DbContext context)
   at Microsoft.EntityFrameworkCore.Infrastructure.ModelSource.CreateModel(DbContext context, IConventionSetBuilder conventionSetBuilder, ModelDependencies modelDependencies)
   at Microsoft.EntityFrameworkCore.Infrastructure.ModelSource.CreateModel(DbContext context, ModelCreationDependencies modelCreationDependencies, Boolean designTime)
   at Microsoft.EntityFrameworkCore.Infrastructure.ModelSource.GetModel(DbContext context, ModelCreationDependencies modelCreationDependencies, Boolean designTime)
   at Microsoft.EntityFrameworkCore.Internal.DbContextServices.CreateModel(Boolean designTime)
   at Microsoft.EntityFrameworkCore.Internal.DbContextServices.get_Model()
   at Microsoft.EntityFrameworkCore.Infrastructure.EntityFrameworkServicesBuilder.<>c.<TryAddCoreServices>b__8_4(IServiceProvider p)
   at Microsoft.Extensions.DependencyInjection.ServiceLookup.CallSiteVisitor`2.VisitCallSiteMain(ServiceCallSite callSite, TArgument argument)
   at Microsoft.Extensions.DependencyInjection.ServiceLookup.CallSiteRuntimeResolver.VisitCache(ServiceCallSite callSite, RuntimeResolverContext context, ServiceProviderEngineScope serviceProviderEngine, RuntimeResolverLock lockType)
   at Microsoft.Extensions.DependencyInjection.ServiceLookup.CallSiteVisitor`2.VisitCallSite(ServiceCallSite callSite, TArgument argument)
   at Microsoft.Extensions.DependencyInjection.ServiceLookup.CallSiteVisitor`2.VisitCallSiteMain(ServiceCallSite callSite, TArgument argument)
   at Microsoft.Extensions.DependencyInjection.ServiceLookup.CallSiteRuntimeResolver.VisitCache(ServiceCallSite callSite, RuntimeResolverContext context, ServiceProviderEngineScope serviceProviderEngine, RuntimeResolverLock lockType)
   at Microsoft.Extensions.DependencyInjection.ServiceLookup.CallSiteVisitor`2.VisitCallSite(ServiceCallSite callSite, TArgument argument)
   at Microsoft.Extensions.DependencyInjection.ServiceLookup.CallSiteVisitor`2.VisitCallSiteMain(ServiceCallSite callSite, TArgument argument)
   at Microsoft.Extensions.DependencyInjection.ServiceLookup.CallSiteRuntimeResolver.VisitCache(ServiceCallSite callSite, RuntimeResolverContext context, ServiceProviderEngineScope serviceProviderEngine, RuntimeResolverLock lockType)
   at Microsoft.Extensions.DependencyInjection.ServiceLookup.CallSiteVisitor`2.VisitCallSite(ServiceCallSite callSite, TArgument argument)
   at Microsoft.Extensions.DependencyInjection.ServiceLookup.CallSiteVisitor`2.VisitCallSiteMain(ServiceCallSite callSite, TArgument argument)
   at Microsoft.Extensions.DependencyInjection.ServiceLookup.CallSiteRuntimeResolver.VisitCache(ServiceCallSite callSite, RuntimeResolverContext context, ServiceProviderEngineScope serviceProviderEngine, RuntimeResolverLock lockType)
   at Microsoft.Extensions.DependencyInjection.ServiceLookup.CallSiteVisitor`2.VisitCallSite(ServiceCallSite callSite, TArgument argument)
   at Microsoft.Extensions.DependencyInjection.ServiceLookup.CallSiteVisitor`2.VisitCallSiteMain(ServiceCallSite callSite, TArgument argument)
   at Microsoft.Extensions.DependencyInjection.ServiceLookup.CallSiteRuntimeResolver.VisitCache(ServiceCallSite callSite, RuntimeResolverContext context, ServiceProviderEngineScope serviceProviderEngine, RuntimeResolverLock lockType)
   at Microsoft.Extensions.DependencyInjection.ServiceLookup.CallSiteVisitor`2.VisitCallSite(ServiceCallSite callSite, TArgument argument)
   at Microsoft.Extensions.DependencyInjection.ServiceLookup.CallSiteVisitor`2.VisitCallSiteMain(ServiceCallSite callSite, TArgument argument)
   at Microsoft.Extensions.DependencyInjection.ServiceLookup.CallSiteRuntimeResolver.VisitCache(ServiceCallSite callSite, RuntimeResolverContext context, ServiceProviderEngineScope serviceProviderEngine, RuntimeResolverLock lockType)
   at Microsoft.Extensions.DependencyInjection.ServiceLookup.CallSiteVisitor`2.VisitCallSite(ServiceCallSite callSite, TArgument argument)
   at Microsoft.Extensions.DependencyInjection.ServiceLookup.CallSiteRuntimeResolver.Resolve(ServiceCallSite callSite, ServiceProviderEngineScope scope)
   at Microsoft.Extensions.DependencyInjection.ServiceLookup.DynamicServiceProviderEngine.<>c__DisplayClass2_0.<RealizeService>b__0(ServiceProviderEngineScope scope)
   at Microsoft.Extensions.DependencyInjection.ServiceProvider.GetService(ServiceIdentifier serviceIdentifier, ServiceProviderEngineScope serviceProviderEngineScope)
   at Microsoft.Extensions.DependencyInjection.ServiceLookup.ServiceProviderEngineScope.GetService(Type serviceType)
   at Microsoft.Extensions.DependencyInjection.ServiceProviderServiceExtensions.GetRequiredService(IServiceProvider provider, Type serviceType)
   at Microsoft.Extensions.DependencyInjection.ServiceProviderServiceExtensions.GetRequiredService[T](IServiceProvider provider)
   at Microsoft.EntityFrameworkCore.DbContext.get_DbContextDependencies()
   at Microsoft.EntityFrameworkCore.DbContext.get_ContextServices()
   at Microsoft.EntityFrameworkCore.DbContext.get_Model()
   at Microsoft.EntityFrameworkCore.Internal.InternalDbSet`1.get_EntityType()
   at Microsoft.EntityFrameworkCore.Internal.InternalDbSet`1.CheckState()
   at Microsoft.EntityFrameworkCore.Internal.InternalDbSet`1.get_EntityQueryable()
   at Microsoft.EntityFrameworkCore.Internal.InternalDbSet`1.System.Linq.IQueryable.get_Provider()
   at System.Linq.Queryable.Where[TSource](IQueryable`1 source, Expression`1 predicate)
   at FlightManagementSystem.Infrastructure.Repositories.AircraftRepository.GetAircraftByCode(String aircraftCode) in D:\Projects\Coding Battle CDC\FlightManagementSystem\FlightManagementSystem.Infrastructure\Repositories\AircraftRepository.cs:line 36
   at FlightManagementSystem.Infrastructure.Repositories.AircraftRepository.Add(Aircraft aircraft) in D:\Projects\Coding Battle CDC\FlightManagementSystem\FlightManagementSystem.Infrastructure\Repositories\AircraftRepository.cs:line 22
   at FlightManagementSystem.Service.AircraftService.AddAircraft(AircraftDTO aircraftDTO) in D:\Projects\Coding Battle CDC\FlightManagementSystem\FlightManagement.Service\AircraftService.cs:line 46
2025-09-10 20:47:44.7810|INFO|FlightManagementSystem.Service.Logger.LoggerService|called in AircraftService.AddAircraft by LION-001|AddAircraft Begin
2025-09-10 20:47:44.9006|ERROR|FlightManagementSystem.Service.Logger.LoggerService|System.InvalidOperationException: Cannot create a relationship between 'Airport.FlightRoutes' and 'FlightRoute.DestAirport' because a relationship already exists between 'Airport.FlightRoutes' and 'FlightRoute.DepAirport'. Navigations can only participate in a single relationship. If you want to override an existing relationship call 'Ignore' on the navigation 'FlightRoute.DestAirport' first in 'OnModelCreating'.
   at Microsoft.EntityFrameworkCore.Metadata.Internal.InternalForeignKeyBuilder.ThrowForConflictingNavigation(IReadOnlyForeignKey foreignKey, IReadOnlyEntityType principalEntityType, IReadOnlyEntityType dependentEntityType, String navigationToDependent, String navigationToPrincipal)
   at Microsoft.EntityFrameworkCore.Metadata.Internal.InternalForeignKeyBuilder.GetOrCreateRelationshipBuilder(EntityType principalEntityType, EntityType dependentEntityType, Nullable`1 navigationToPrincipal, Nullable`1 navigationToDependent, IReadOnlyList`1 dependentProperties, IReadOnlyList`1 oldNameDependentProperties, IReadOnlyList`1 principalProperties, Nullable`1 isRequired, Boolean removeCurrent, Nullable`1 principalEndConfigurationSource, Nullable`1 configurationSource, Nullable`1& existingRelationshipInverted)
   at Microsoft.EntityFrameworkCore.Metadata.Internal.InternalForeignKeyBuilder.ReplaceForeignKey(InternalEntityTypeBuilder principalEntityTypeBuilder, InternalEntityTypeBuilder dependentEntityTypeBuilder, Nullable`1 navigationToPrincipal, Nullable`1 navigationToDependent, IReadOnlyList`1 dependentProperties, IReadOnlyList`1 oldNameDependentProperties, IReadOnlyList`1 principalProperties, Nullable`1 isUnique, Nullable`1 isRequired, Nullable`1 isRequiredDependent, Nullable`1 isOwnership, Nullable`1 deleteBehavior, Boolean removeCurrent, Boolean oldRelationshipInverted, Nullable`1 principalEndConfigurationSource, ConfigurationSource configurationSource)
   at Microsoft.EntityFrameworkCore.Metadata.Internal.InternalForeignKeyBuilder.ReplaceForeignKey(ConfigurationSource configurationSource, InternalEntityTypeBuilder principalEntityTypeBuilder, InternalEntityTypeBuilder dependentEntityTypeBuilder, Nullable`1 navigationToPrincipal, Nullable`1 navigationToDependent, IReadOnlyList`1 dependentProperties, IReadOnlyList`1 oldNameDependentProperties, IReadOnlyList`1 principalProperties, Nullable`1 isUnique, Nullable`1 isRequired, Nullable`1 isRequiredDependent, Nullable`1 isOwnership, Nullable`1 deleteBehavior, Boolean removeCurrent, Nullable`1 principalEndConfigurationSource, Boolean oldRelationshipInverted)
   at Microsoft.EntityFrameworkCore.Metadata.Internal.InternalForeignKeyBuilder.HasNavigations(Nullable`1 navigationToPrincipal, Nullable`1 navigationToDependent, EntityType principalEntityType, EntityType dependentEntityType, ConfigurationSource configurationSource)
   at Microsoft.EntityFrameworkCore.Metadata.Internal.InternalForeignKeyBuilder.HasNavigations(MemberInfo navigationToPrincipal, MemberInfo navigationToDependent, EntityType principalEntityType, EntityType dependentEntityType, ConfigurationSource configurationSource)
   at Microsoft.EntityFrameworkCore.Metadata.Builders.ReferenceNavigationBuilder.WithManyBuilder(MemberIdentity collection)
   at Microsoft.EntityFrameworkCore.Metadata.Builders.ReferenceNavigationBuilder.WithManyBuilder(MemberInfo navigationMemberInfo)
   at Microsoft.EntityFrameworkCore.Metadata.Builders.ReferenceNavigationBuilder`2.WithMany(Expression`1 navigationExpression)
   at FlightManagementSystem.Infrastructure.FlightManagementSystemDbContext.<>c.<OnModelCreating>b__26_8(EntityTypeBuilder`1 entity) in D:\Projects\Coding Battle CDC\FlightManagementSystem\FlightManagementSystem.Infrastructure\FlightManagementSystemDbContext.cs:line 98
   at Microsoft.EntityFrameworkCore.ModelBuilder.Entity[TEntity](Action`1 buildAction)
   at FlightManagementSystem.Infrastructure.FlightManagementSystemDbContext.OnModelCreating(ModelBuilder modelBuilder) in D:\Projects\Coding Battle CDC\FlightManagementSystem\FlightManagementSystem.Infrastructure\FlightManagementSystemDbContext.cs:line 89
   at Microsoft.EntityFrameworkCore.Infrastructure.ModelCustomizer.Customize(ModelBuilder modelBuilder, DbContext context)
   at Microsoft.EntityFrameworkCore.Infrastructure.ModelSource.CreateModel(DbContext context, IConventionSetBuilder conventionSetBuilder, ModelDependencies modelDependencies)
   at Microsoft.EntityFrameworkCore.Infrastructure.ModelSource.CreateModel(DbContext context, ModelCreationDependencies modelCreationDependencies, Boolean designTime)
   at Microsoft.EntityFrameworkCore.Infrastructure.ModelSource.GetModel(DbContext context, ModelCreationDependencies modelCreationDependencies, Boolean designTime)
   at Microsoft.EntityFrameworkCore.Internal.DbContextServices.CreateModel(Boolean designTime)
   at Microsoft.EntityFrameworkCore.Internal.DbContextServices.get_Model()
   at Microsoft.EntityFrameworkCore.Infrastructure.EntityFrameworkServicesBuilder.<>c.<TryAddCoreServices>b__8_4(IServiceProvider p)
   at Microsoft.Extensions.DependencyInjection.ServiceLookup.CallSiteVisitor`2.VisitCallSiteMain(ServiceCallSite callSite, TArgument argument)
   at Microsoft.Extensions.DependencyInjection.ServiceLookup.CallSiteRuntimeResolver.VisitCache(ServiceCallSite callSite, RuntimeResolverContext context, ServiceProviderEngineScope serviceProviderEngine, RuntimeResolverLock lockType)
   at Microsoft.Extensions.DependencyInjection.ServiceLookup.CallSiteVisitor`2.VisitCallSite(ServiceCallSite callSite, TArgument argument)
   at Microsoft.Extensions.DependencyInjection.ServiceLookup.CallSiteVisitor`2.VisitCallSiteMain(ServiceCallSite callSite, TArgument argument)
   at Microsoft.Extensions.DependencyInjection.ServiceLookup.CallSiteRuntimeResolver.VisitCache(ServiceCallSite callSite, RuntimeResolverContext context, ServiceProviderEngineScope serviceProviderEngine, RuntimeResolverLock lockType)
   at Microsoft.Extensions.DependencyInjection.ServiceLookup.CallSiteVisitor`2.VisitCallSite(ServiceCallSite callSite, TArgument argument)
   at Microsoft.Extensions.DependencyInjection.ServiceLookup.CallSiteVisitor`2.VisitCallSiteMain(ServiceCallSite callSite, TArgument argument)
   at Microsoft.Extensions.DependencyInjection.ServiceLookup.CallSiteRuntimeResolver.VisitCache(ServiceCallSite callSite, RuntimeResolverContext context, ServiceProviderEngineScope serviceProviderEngine, RuntimeResolverLock lockType)
   at Microsoft.Extensions.DependencyInjection.ServiceLookup.CallSiteVisitor`2.VisitCallSite(ServiceCallSite callSite, TArgument argument)
   at Microsoft.Extensions.DependencyInjection.ServiceLookup.CallSiteVisitor`2.VisitCallSiteMain(ServiceCallSite callSite, TArgument argument)
   at Microsoft.Extensions.DependencyInjection.ServiceLookup.CallSiteRuntimeResolver.VisitCache(ServiceCallSite callSite, RuntimeResolverContext context, ServiceProviderEngineScope serviceProviderEngine, RuntimeResolverLock lockType)
   at Microsoft.Extensions.DependencyInjection.ServiceLookup.CallSiteVisitor`2.VisitCallSite(ServiceCallSite callSite, TArgument argument)
   at Microsoft.Extensions.DependencyInjection.ServiceLookup.CallSiteVisitor`2.VisitCallSiteMain(ServiceCallSite callSite, TArgument argument)
   at Microsoft.Extensions.DependencyInjection.ServiceLookup.CallSiteRuntimeResolver.VisitCache(ServiceCallSite callSite, RuntimeResolverContext context, ServiceProviderEngineScope serviceProviderEngine, RuntimeResolverLock lockType)
   at Microsoft.Extensions.DependencyInjection.ServiceLookup.CallSiteVisitor`2.VisitCallSite(ServiceCallSite callSite, TArgument argument)
   at Microsoft.Extensions.DependencyInjection.ServiceLookup.CallSiteVisitor`2.VisitCallSiteMain(ServiceCallSite callSite, TArgument argument)
   at Microsoft.Extensions.DependencyInjection.ServiceLookup.CallSiteRuntimeResolver.VisitCache(ServiceCallSite callSite, RuntimeResolverContext context, ServiceProviderEngineScope serviceProviderEngine, RuntimeResolverLock lockType)
   at Microsoft.Extensions.DependencyInjection.ServiceLookup.CallSiteVisitor`2.VisitCallSite(ServiceCallSite callSite, TArgument argument)
   at Microsoft.Extensions.DependencyInjection.ServiceLookup.CallSiteRuntimeResolver.Resolve(ServiceCallSite callSite, ServiceProviderEngineScope scope)
   at Microsoft.Extensions.DependencyInjection.ServiceLookup.DynamicServiceProviderEngine.<>c__DisplayClass2_0.<RealizeService>b__0(ServiceProviderEngineScope scope)
   at Microsoft.Extensions.DependencyInjection.ServiceProvider.GetService(ServiceIdentifier serviceIdentifier, ServiceProviderEngineScope serviceProviderEngineScope)
   at Microsoft.Extensions.DependencyInjection.ServiceLookup.ServiceProviderEngineScope.GetService(Type serviceType)
   at Microsoft.Extensions.DependencyInjection.ServiceProviderServiceExtensions.GetRequiredService(IServiceProvider provider, Type serviceType)
   at Microsoft.Extensions.DependencyInjection.ServiceProviderServiceExtensions.GetRequiredService[T](IServiceProvider provider)
   at Microsoft.EntityFrameworkCore.DbContext.get_DbContextDependencies()
   at Microsoft.EntityFrameworkCore.DbContext.get_ContextServices()
   at Microsoft.EntityFrameworkCore.DbContext.get_Model()
   at Microsoft.EntityFrameworkCore.Internal.InternalDbSet`1.get_EntityType()
   at Microsoft.EntityFrameworkCore.Internal.InternalDbSet`1.CheckState()
   at Microsoft.EntityFrameworkCore.Internal.InternalDbSet`1.get_EntityQueryable()
   at Microsoft.EntityFrameworkCore.Internal.InternalDbSet`1.System.Linq.IQueryable.get_Provider()
   at System.Linq.Queryable.Where[TSource](IQueryable`1 source, Expression`1 predicate)
   at FlightManagementSystem.Infrastructure.Repositories.AircraftRepository.GetAircraftByCode(String aircraftCode) in D:\Projects\Coding Battle CDC\FlightManagementSystem\FlightManagementSystem.Infrastructure\Repositories\AircraftRepository.cs:line 36
   at FlightManagementSystem.Infrastructure.Repositories.AircraftRepository.Add(Aircraft aircraft) in D:\Projects\Coding Battle CDC\FlightManagementSystem\FlightManagementSystem.Infrastructure\Repositories\AircraftRepository.cs:line 22
   at FlightManagementSystem.Service.AircraftService.AddAircraft(AircraftDTO aircraftDTO) in D:\Projects\Coding Battle CDC\FlightManagementSystem\FlightManagement.Service\AircraftService.cs:line 46
2025-09-10 20:49:26.9229|INFO|FlightManagementSystem.Service.Logger.LoggerService|called in AircraftService.AddAircraft by LION-001|AddAircraft Begin
2025-09-10 20:54:16.0210|INFO|FlightManagementSystem.Service.Logger.LoggerService|called in AircraftService.AddAircraft by LION-001|AddAircraft Begin
2025-09-10 20:56:36.4830|INFO|FlightManagementSystem.Service.Logger.LoggerService|called in AircraftService.AddAircraft by LION-001|AddAircraft Begin
2025-09-10 20:57:43.8790|INFO|FlightManagementSystem.Service.Logger.LoggerService|called in AircraftService.AddAircraft by LION-001|AddAircraft End
2025-09-10 20:59:09.0295|INFO|FlightManagementSystem.Service.Logger.LoggerService|called in AircraftService.AddAircraft by LION-002|AddAircraft Begin
2025-09-10 20:59:50.4766|INFO|FlightManagementSystem.Service.Logger.LoggerService|called in AircraftService.AddAircraft by LION-002|AddAircraft End
